[INFO] Scanning for projects...
[INFO] 
[INFO] ----------------------< org.example:VideoPlayer >-----------------------
[INFO] Building VideoPlayer 1.0-SNAPSHOT
[INFO]   from pom.xml
[INFO] --------------------------------[ jar ]---------------------------------
[INFO] 
[INFO] --- clean:3.2.0:clean (default-clean) @ VideoPlayer ---
[INFO] Deleting /Users/nishi1612/Desktop/USC/CSCI576/Project-2/Video-Search-and-Indexing/target
[INFO] 
[INFO] --- resources:3.3.1:resources (default-resources) @ VideoPlayer ---
[INFO] skip non existing resourceDirectory /Users/nishi1612/Desktop/USC/CSCI576/Project-2/Video-Search-and-Indexing/src/main/resources
[INFO] 
[INFO] --- compiler:3.11.0:compile (default-compile) @ VideoPlayer ---
[INFO] Changes detected - recompiling the module! :source
[INFO] Compiling 3 source files with javac [debug target 16] to target/classes
[WARNING] system modules path not set in conjunction with -source 16
[INFO] /Users/nishi1612/Desktop/USC/CSCI576/Project-2/Video-Search-and-Indexing/src/main/java/Main.java: /Users/nishi1612/Desktop/USC/CSCI576/Project-2/Video-Search-and-Indexing/src/main/java/Main.java uses or overrides a deprecated API.
[INFO] /Users/nishi1612/Desktop/USC/CSCI576/Project-2/Video-Search-and-Indexing/src/main/java/Main.java: Recompile with -Xlint:deprecation for details.
[INFO] 
[INFO] --- resources:3.3.1:testResources (default-testResources) @ VideoPlayer ---
[INFO] skip non existing resourceDirectory /Users/nishi1612/Desktop/USC/CSCI576/Project-2/Video-Search-and-Indexing/src/test/resources
[INFO] 
[INFO] --- compiler:3.11.0:testCompile (default-testCompile) @ VideoPlayer ---
[INFO] No sources to compile
[INFO] 
[INFO] --- surefire:3.1.2:test (default-test) @ VideoPlayer ---
[INFO] No tests to run.
[INFO] 
[INFO] --- jar:3.3.0:jar (default-jar) @ VideoPlayer ---
[INFO] Building jar: /Users/nishi1612/Desktop/USC/CSCI576/Project-2/Video-Search-and-Indexing/target/VideoPlayer-1.0-SNAPSHOT.jar
[INFO] 
[INFO] --- install:3.1.1:install (default-install) @ VideoPlayer ---
[INFO] Installing /Users/nishi1612/Desktop/USC/CSCI576/Project-2/Video-Search-and-Indexing/pom.xml to /Users/nishi1612/.m2/repository/org/example/VideoPlayer/1.0-SNAPSHOT/VideoPlayer-1.0-SNAPSHOT.pom
[INFO] Installing /Users/nishi1612/Desktop/USC/CSCI576/Project-2/Video-Search-and-Indexing/target/VideoPlayer-1.0-SNAPSHOT.jar to /Users/nishi1612/.m2/repository/org/example/VideoPlayer/1.0-SNAPSHOT/VideoPlayer-1.0-SNAPSHOT.jar
[INFO] ------------------------------------------------------------------------
[INFO] BUILD SUCCESS
[INFO] ------------------------------------------------------------------------
[INFO] Total time:  1.393 s
[INFO] Finished at: 2023-11-19T18:11:25-08:00
[INFO] ------------------------------------------------------------------------
